<?xml version="1.0" encoding="UTF-8"?>
<!-- Generated by org.testng.reporters.JUnitReportReporter -->
<testsuite hostname="Meena" failures="0" tests="1" name="TC_Repo.LE_001Test" time="16.812" errors="0" timestamp="2024-11-13T10:43:37 IST" skipped="0">
  <testcase classname="TC_Repo.LE_001Test" name="le_001" time="16.812"/>
  <system-out/>
</testsuite> <!-- TC_Repo.LE_001Test -->
