<?xml version="1.0" encoding="UTF-8"?>
<!-- Generated by org.testng.reporters.JUnitReportReporter -->
<testsuite hostname="Meena" failures="0" tests="3" name="Sample.TestNGIgnoreTestcasesFromExecution" time="0.008" errors="0" timestamp="2024-10-27T10:18:39 IST" skipped="1">
  <testcase classname="Sample.TestNGIgnoreTestcasesFromExecution" name="createUser" time="0.007"/>
  <testcase classname="Sample.TestNGIgnoreTestcasesFromExecution" name="modifyUser" time="0.001"/>
  <testcase classname="Sample.TestNGIgnoreTestcasesFromExecution" name="deleteUser">
    <skipped/>
  </testcase> <!-- deleteUser -->
</testsuite> <!-- Sample.TestNGIgnoreTestcasesFromExecution -->
