<?xml version="1.0" encoding="UTF-8"?>
<!-- Generated by org.testng.reporters.JUnitReportReporter -->
<testsuite hostname="Meena" failures="0" tests="3" name="Sample.TestNGDependsOnMethods" time="0.014" errors="0" timestamp="2024-11-13T10:30:19 IST" skipped="0">
  <testcase classname="Sample.TestNGDependsOnMethods" name="deleteUser" time="0.010"/>
  <system-out/>
  <testcase classname="Sample.TestNGDependsOnMethods" name="modifyUser" time="0.002"/>
  <system-out/>
  <testcase classname="Sample.TestNGDependsOnMethods" name="createUser" time="0.002"/>
  <system-out/>
</testsuite> <!-- Sample.TestNGDependsOnMethods -->
