<?xml version="1.0" encoding="UTF-8"?>
<!-- Generated by org.testng.reporters.JUnitReportReporter -->
<testsuite hostname="Meena" failures="0" tests="2" name="Sample.TestNGHardAssertion" time="0.013" errors="0" timestamp="2024-10-28T10:44:54 IST" skipped="0">
  <testcase classname="Sample.TestNGHardAssertion" name="strictComparisonHardAssert" time="0.001"/>
  <testcase classname="Sample.TestNGHardAssertion" name="containsComparisonHardassert" time="0.012"/>
</testsuite> <!-- Sample.TestNGHardAssertion -->
